<?xml version="1.0" encoding="UTF-8"?>
<!-- Generated by org.testng.reporters.JUnitXMLReporter -->
<testsuite ignored="0" hostname="IN-00239222" failures="0" tests="8" name="Test" time="0.066" errors="0" timestamp="2021-11-03T03:20:38 GMT">
  <testcase classname="mvbb.mobileTest" name="run" time="0.008"/>
  <testcase classname="mvbb.mobileTest" name="run1" time="0.001"/>
  <testcase classname="mvbb.mobileTest" name="run2" time="0.0"/>
  <testcase classname="mvbb.webTest" name="mob" time="0.015"/>
  <testcase classname="mvbb.APITest" name="ApI" time="0.001"/>
  <testcase classname="mvbb.APITest" name="ApI1" time="0.001"/>
  <testcase classname="mvbb.APITest" name="ApI2" time="0.001"/>
  <testcase classname="mvbb.APITest" name="ApI3" time="0.002"/>
</testsuite> <!-- Test -->
