<?xml version="1.0" encoding="UTF-8"?>
<!-- Generated by org.testng.reporters.JUnitXMLReporter -->
<testsuite ignored="0" hostname="IN-00239222" failures="0" tests="3" name="Test" time="38.018" errors="0" timestamp="2021-09-30T15:03:03 BST">
  <testcase classname="Resources.ValidateTitle" name="basePageNavigation" time="10.335"/>
  <testcase classname="Resources.HomePage" name="basePageNavigation" time="16.546"/>
  <testcase classname="Resources.HomePage" name="basePageNavigation" time="11.094"/>
</testsuite> <!-- Test -->
