<?xml version="1.0" encoding="UTF-8"?>
<testng-results ignored="0" total="1" passed="1" failed="0" skipped="0">
  <reporter-output>
  </reporter-output>
  <suite started-at="2021-09-28T11:36:49 BST" name="Default suite" finished-at="2021-09-28T11:36:56 BST" duration-ms="6826">
    <groups>
    </groups>
    <test started-at="2021-09-28T11:36:49 BST" name="Default test" finished-at="2021-09-28T11:36:56 BST" duration-ms="6826">
      <class name="Testcases.LoginApplication">
        <test-method signature="Login()[pri:0, instance:Testcases.LoginApplication@7a4ccb53]" started-at="2021-09-28T11:36:49 BST" name="Login" finished-at="2021-09-28T11:36:56 BST" duration-ms="6673" status="PASS">
          <reporter-output>
          </reporter-output>
        </test-method> <!-- Login -->
      </class> <!-- Testcases.LoginApplication -->
    </test> <!-- Default test -->
  </suite> <!-- Default suite -->
</testng-results>
