<?xml version="1.0" encoding="UTF-8"?>
<testng-results ignored="0" total="8" passed="8" failed="0" skipped="0">
  <reporter-output>
  </reporter-output>
  <suite started-at="2021-11-03T03:20:38 GMT" name="Suite" finished-at="2021-11-03T03:20:38 GMT" duration-ms="66">
    <groups>
      <group name="smoke">
        <method signature="mobileTest.run()[pri:0, instance:mvbb.mobileTest@5c30a9b0]" name="run" class="mvbb.mobileTest"/>
        <method signature="mobileTest.run1()[pri:0, instance:mvbb.mobileTest@5c30a9b0]" name="run1" class="mvbb.mobileTest"/>
        <method signature="mobileTest.run2()[pri:0, instance:mvbb.mobileTest@5c30a9b0]" name="run2" class="mvbb.mobileTest"/>
        <method signature="webTest.mob()[pri:0, instance:mvbb.webTest@f5ac9e4]" name="mob" class="mvbb.webTest"/>
      </group> <!-- smoke -->
    </groups>
    <test started-at="2021-11-03T03:20:38 GMT" name="Test" finished-at="2021-11-03T03:20:38 GMT" duration-ms="66">
      <class name="mvbb.mobileTest">
        <test-method signature="run()[pri:0, instance:mvbb.mobileTest@5c30a9b0]" started-at="2021-11-03T03:20:38 GMT" name="run" finished-at="2021-11-03T03:20:38 GMT" duration-ms="8" status="PASS">
          <reporter-output>
          </reporter-output>
        </test-method> <!-- run -->
        <test-method signature="run1()[pri:0, instance:mvbb.mobileTest@5c30a9b0]" started-at="2021-11-03T03:20:38 GMT" name="run1" finished-at="2021-11-03T03:20:38 GMT" duration-ms="1" status="PASS">
          <reporter-output>
          </reporter-output>
        </test-method> <!-- run1 -->
        <test-method signature="run2()[pri:0, instance:mvbb.mobileTest@5c30a9b0]" started-at="2021-11-03T03:20:38 GMT" name="run2" finished-at="2021-11-03T03:20:38 GMT" duration-ms="0" status="PASS">
          <reporter-output>
          </reporter-output>
        </test-method> <!-- run2 -->
      </class> <!-- mvbb.mobileTest -->
      <class name="mvbb.webTest">
        <test-method is-config="true" signature="rrrr()[pri:0, instance:mvbb.webTest@f5ac9e4]" started-at="2021-11-03T03:20:33 GMT" name="rrrr" finished-at="2021-11-03T03:20:38 GMT" duration-ms="4653" status="PASS">
          <reporter-output>
          </reporter-output>
        </test-method> <!-- rrrr -->
        <test-method signature="mob()[pri:0, instance:mvbb.webTest@f5ac9e4]" started-at="2021-11-03T03:20:38 GMT" name="mob" finished-at="2021-11-03T03:20:38 GMT" duration-ms="15" status="PASS">
          <reporter-output>
          </reporter-output>
        </test-method> <!-- mob -->
      </class> <!-- mvbb.webTest -->
      <class name="mvbb.APITest">
        <test-method signature="ApI()[pri:0, instance:mvbb.APITest@384ad17b]" started-at="2021-11-03T03:20:38 GMT" name="ApI" finished-at="2021-11-03T03:20:38 GMT" duration-ms="1" status="PASS">
          <reporter-output>
          </reporter-output>
        </test-method> <!-- ApI -->
        <test-method signature="ApI1()[pri:0, instance:mvbb.APITest@384ad17b]" started-at="2021-11-03T03:20:38 GMT" name="ApI1" finished-at="2021-11-03T03:20:38 GMT" duration-ms="1" status="PASS">
          <reporter-output>
          </reporter-output>
        </test-method> <!-- ApI1 -->
        <test-method signature="ApI2()[pri:0, instance:mvbb.APITest@384ad17b]" started-at="2021-11-03T03:20:38 GMT" name="ApI2" finished-at="2021-11-03T03:20:38 GMT" duration-ms="1" status="PASS">
          <reporter-output>
          </reporter-output>
        </test-method> <!-- ApI2 -->
        <test-method signature="ApI3()[pri:0, instance:mvbb.APITest@384ad17b]" started-at="2021-11-03T03:20:38 GMT" name="ApI3" finished-at="2021-11-03T03:20:38 GMT" duration-ms="2" status="PASS">
          <reporter-output>
          </reporter-output>
        </test-method> <!-- ApI3 -->
      </class> <!-- mvbb.APITest -->
    </test> <!-- Test -->
  </suite> <!-- Suite -->
</testng-results>
