<?xml version="1.0" encoding="UTF-8"?>
<testng-results ignored="0" total="2" passed="2" failed="0" skipped="0">
  <reporter-output>
  </reporter-output>
  <suite started-at="2021-09-28T22:21:48 BST" name="Default suite" finished-at="2021-09-28T22:22:00 BST" duration-ms="12109">
    <groups>
    </groups>
    <test started-at="2021-09-28T22:21:48 BST" name="Default test" finished-at="2021-09-28T22:22:00 BST" duration-ms="12109">
      <class name="Loginpage.Login">
        <test-method signature="login(java.lang.String,java.lang.String)[pri:0, instance:Loginpage.Login@1534f01b]" started-at="2021-09-28T22:21:48 BST" name="login" data-provider="getData" finished-at="2021-09-28T22:21:56 BST" duration-ms="7527" status="PASS">
          <params>
            <param index="0">
              <value>
                <![CDATA[non restricted user]]>
              </value>
            </param>
            <param index="1">
              <value>
                <![CDATA[password]]>
              </value>
            </param>
          </params>
          <reporter-output>
          </reporter-output>
        </test-method> <!-- login -->
        <test-method signature="login(java.lang.String,java.lang.String)[pri:0, instance:Loginpage.Login@1534f01b]" started-at="2021-09-28T22:21:56 BST" name="login" data-provider="getData" finished-at="2021-09-28T22:22:00 BST" duration-ms="4542" status="PASS">
          <params>
            <param index="0">
              <value>
                <![CDATA[restricted user]]>
              </value>
            </param>
            <param index="1">
              <value>
                <![CDATA[pass]]>
              </value>
            </param>
          </params>
          <reporter-output>
          </reporter-output>
        </test-method> <!-- login -->
      </class> <!-- Loginpage.Login -->
    </test> <!-- Default test -->
  </suite> <!-- Default suite -->
</testng-results>
