<?xml version="1.0" encoding="UTF-8"?>
<testng-results ignored="0" total="2" passed="2" failed="0" skipped="0">
  <reporter-output>
  </reporter-output>
  <suite started-at="2021-10-09T12:00:07 BST" name="Default suite" finished-at="2021-10-09T12:00:07 BST" duration-ms="110">
    <groups>
    </groups>
    <test started-at="2021-10-09T12:00:07 BST" name="Default test" finished-at="2021-10-09T12:00:07 BST" duration-ms="110">
      <class name="TestNG.Day1">
        <test-method signature="Demo()[pri:1, instance:TestNG.Day1@6ce139a4]" started-at="2021-10-09T12:00:07 BST" name="Demo" finished-at="2021-10-09T12:00:07 BST" duration-ms="22" status="PASS">
          <reporter-output>
          </reporter-output>
        </test-method> <!-- Demo -->
        <test-method signature="Demo2()[pri:1, instance:TestNG.Day1@6ce139a4]" started-at="2021-10-09T12:00:07 BST" name="Demo2" finished-at="2021-10-09T12:00:07 BST" duration-ms="3" status="PASS">
          <reporter-output>
          </reporter-output>
        </test-method> <!-- Demo2 -->
      </class> <!-- TestNG.Day1 -->
    </test> <!-- Default test -->
  </suite> <!-- Default suite -->
</testng-results>
