<?xml version="1.0" encoding="UTF-8"?>
<!-- Generated by org.testng.reporters.JUnitXMLReporter -->
<testsuite ignored="0" hostname="IN-00239222" failures="1" tests="4" name="any" time="0.223" errors="0" timestamp="2021-09-12T14:05:24 BST">
  <testcase classname="Test.day2" name="APIlogin" time="0.017"/>
  <testcase classname="Test.day2" name="Mobilelog" time="0.003"/>
  <testcase classname="Test.day2" name="Mobilelogout" time="0.014">
    <failure type="java.lang.AssertionError" message="expected [true] but found [false]">
      <![CDATA[java.lang.AssertionError: expected [true] but found [false]
at Test.day2.Mobilelogout(day2.java:67)
at java.base/java.util.ArrayList.forEach(ArrayList.java:1511)
... Removed 31 stack frames]]>
    </failure>
  </testcase> <!-- Mobilelogout -->
  <testcase classname="Test.day2" name="Weblogin" time="0.007"/>
</testsuite> <!-- any -->
