<?xml version="1.0" encoding="UTF-8"?>
<!-- Generated by org.testng.reporters.JUnitXMLReporter -->
<testsuite ignored="0" hostname="IN-00239222" failures="2" tests="5" name="any1" time="0.147" errors="0" timestamp="2021-09-12T13:30:42 BST">
  <testcase classname="Test.day2" name="APIlogin" time="0.011"/>
  <testcase classname="Test.day2" name="Mobilelog" time="0.004"/>
  <testcase classname="Test.day2" name="Mobilelogin" time="0.0">
    <failure type="org.testng.TestNGException" message="
Method public void Test.day2.Mobilelogin(java.lang.String,java.lang.String) requires a @DataProvider named : getData">
      <![CDATA[org.testng.TestNGException: 
Method public void Test.day2.Mobilelogin(java.lang.String,java.lang.String) requires a @DataProvider named : getData
at java.base/java.util.ArrayList.forEach(ArrayList.java:1511)
... Removed 24 stack frames]]>
    </failure>
  </testcase> <!-- Mobilelogin -->
  <testcase classname="Test.day2" name="Mobilelogout" time="0.002"/>
  <testcase classname="Test.day2" name="Weblogin" time="0.0">
    <failure type="org.testng.TestNGException" message="
Parameter &amp;apos;URL&amp;apos; is required by @Test on method Weblogin but has not been marked @Optional or defined
in C:\Users\eikamum\eclipse-workspace\TestNGTutorial\testng4.xml">
      <![CDATA[org.testng.TestNGException: 
Parameter 'URL' is required by @Test on method Weblogin but has not been marked @Optional or defined
in C:\Users\eikamum\eclipse-workspace\TestNGTutorial\testng4.xml
at java.base/java.util.ArrayList.forEach(ArrayList.java:1511)
... Removed 26 stack frames]]>
    </failure>
  </testcase> <!-- Weblogin -->
</testsuite> <!-- any1 -->
