<?xml version="1.0" encoding="UTF-8"?>
<!-- Generated by org.testng.reporters.JUnitXMLReporter -->
<testsuite ignored="1" hostname="IN-00239222" failures="0" tests="2" name="moblogin" time="0.007" errors="0" timestamp="2021-09-10T13:03:34 BST">
  <testcase classname="Test.day2" name="APIlogin" time="0.001"/>
  <testcase classname="Test.day2" name="Weblogin" time="0.001"/>
  <testcase classname="Test.day2" name="Mobilelogin" time="0.0">
    <ignored/>
  </testcase> <!-- Mobilelogin -->
</testsuite> <!-- moblogin -->
