<?xml version="1.0" encoding="UTF-8"?>
<!-- Generated by org.testng.reporters.JUnitXMLReporter -->
<testsuite ignored="0" hostname="IN-00239222" failures="0" tests="5" name="Smoke test" time="0.053" errors="0" timestamp="2021-09-11T18:02:16 BST">
  <testcase classname="Test.day3" name="APIlogin" time="0.007"/>
  <testcase classname="Test.day3" name="MobCarLoan" time="0.001"/>
  <testcase classname="Test.day3" name="MobileCarLoan" time="0.001"/>
  <testcase classname="Test.day3" name="aftersuite" time="0.001"/>
  <testcase classname="Test.day3" name="bfrsuite" time="0.001"/>
</testsuite> <!-- Smoke test -->
