<?xml version="1.0" encoding="UTF-8"?>
<!-- Generated by org.testng.reporters.JUnitXMLReporter -->
<testsuite ignored="0" hostname="IN-00239222" failures="0" tests="7" name="Test" time="0.05" errors="0" timestamp="2021-09-11T18:11:12 BST">
  <testcase classname="Test.day1" name="Demo" time="0.005"/>
  <testcase classname="Test.day1" name="Second" time="0.001"/>
  <testcase classname="Test.day2" name="APIlogin" time="0.001"/>
  <testcase classname="Test.day2" name="Mobilelog" time="0.001"/>
  <testcase classname="Test.day2" name="Mobilelogin" time="0.001"/>
  <testcase classname="Test.day2" name="Mobilelogout" time="0.001"/>
  <testcase classname="Test.day2" name="Weblogin" time="0.001"/>
</testsuite> <!-- Test -->
