<?xml version="1.0" encoding="UTF-8"?>
<!-- Generated by org.testng.reporters.JUnitXMLReporter -->
<testsuite ignored="0" hostname="IN-00239222" failures="0" tests="3" name="Default test" time="0.95" errors="0" timestamp="2021-11-02T06:27:04 GMT">
  <testcase classname="Test.NewLocators" name="EnterMail" time="0.12"/>
  <testcase classname="Test.NewLocators" name="EnterName" time="0.071"/>
  <testcase classname="Test.NewLocators" name="EnterPass" time="0.574"/>
</testsuite> <!-- Default test -->
