<?xml version="1.0" encoding="UTF-8"?>
<!-- Generated by org.testng.reporters.JUnitXMLReporter -->
<testsuite ignored="1" hostname="IN-00239222" failures="2" tests="2" name="Test" time="0.13" errors="0" timestamp="2021-11-02T08:39:12 GMT">
  <testcase classname="Test.NewLocators" name="EnterMail" time="0.029">
    <failure type="java.lang.NullPointerException" message="Cannot invoke &amp;quot;org.openqa.selenium.WebDriver.findElement(org.openqa.selenium.By)&amp;quot; because &amp;quot;this.driver&amp;quot; is null">
      <![CDATA[java.lang.NullPointerException: Cannot invoke "org.openqa.selenium.WebDriver.findElement(org.openqa.selenium.By)" because "this.driver" is null
at Test.NewLocators.EnterMail(NewLocators.java:47)
at java.base/java.util.ArrayList.forEach(ArrayList.java:1511)
... Removed 27 stack frames]]>
    </failure>
  </testcase> <!-- EnterMail -->
  <testcase classname="Test.NewLocators" name="EnterName" time="0.003">
    <failure type="java.lang.NullPointerException" message="Cannot invoke &amp;quot;org.openqa.selenium.WebDriver.findElement(org.openqa.selenium.By)&amp;quot; because &amp;quot;this.driver&amp;quot; is null">
      <![CDATA[java.lang.NullPointerException: Cannot invoke "org.openqa.selenium.WebDriver.findElement(org.openqa.selenium.By)" because "this.driver" is null
at Test.NewLocators.EnterName(NewLocators.java:39)
at java.base/java.util.ArrayList.forEach(ArrayList.java:1511)
... Removed 27 stack frames]]>
    </failure>
  </testcase> <!-- EnterName -->
  <testcase classname="Test.NewLocators" name="EnterPass" time="0.0">
    <ignored/>
  </testcase> <!-- EnterPass -->
</testsuite> <!-- Test -->
